<?xml version="1.0" encoding="UTF-8"?>
<!-- Generated by org.testng.reporters.JUnitReportReporter -->
<testsuite hostname="KANINI-LTP-786" failures="0" tests="1" name="com.orangeHr.qa.testcases.DemoTest" time="0.000" errors="0" timestamp="2025-04-24T20:35:43 IST" skipped="0">
  <testcase classname="com.orangeHr.qa.testcases.DemoTest" name="testCase1" time="0.000"/>
</testsuite> <!-- com.orangeHr.qa.testcases.DemoTest -->
