<?xml version="1.0" encoding="UTF-8"?>
<!-- Generated by org.testng.reporters.JUnitReportReporter -->
<testsuite hostname="KANINI-LTP-786" failures="0" tests="1" name="com.orangeHr.qa.testcases.AdminTestCase" time="35.348" errors="0" timestamp="2025-04-24T21:33:08 IST" skipped="0">
  <testcase classname="com.orangeHr.qa.testcases.AdminTestCase" name="verifyAddUserFunctionalityUsingJsonAndPageObjects" time="35.348"/>
</testsuite> <!-- com.orangeHr.qa.testcases.AdminTestCase -->
