<?xml version="1.0" encoding="UTF-8"?>
<!-- Generated by org.testng.reporters.JUnitReportReporter -->
<testsuite hostname="KANINI-LTP-786" failures="0" tests="1" name="seleniumAssignment.EnterTextInIframeDemoSite" time="3.355" errors="0" timestamp="2025-03-17T22:13:31 IST" skipped="0">
  <testcase classname="seleniumAssignment.EnterTextInIframeDemoSite" name="testCase" time="3.355"/>
  <system-out/>
</testsuite> <!-- seleniumAssignment.EnterTextInIframeDemoSite -->
