<?xml version="1.0" encoding="UTF-8"?>
<!-- Generated by org.testng.reporters.JUnitReportReporter -->
<testsuite hostname="KANINI-LTP-786" failures="0" tests="1" name="AssignmentOnEncapsulation.TestCaseForFormSubmission" time="6.962" errors="0" timestamp="2025-03-15T15:27:46 IST" skipped="0">
  <testcase classname="AssignmentOnEncapsulation.TestCaseForFormSubmission" name="TestCaseForTheNewFieldsIncluded" time="6.962"/>
  <system-out/>
</testsuite> <!-- AssignmentOnEncapsulation.TestCaseForFormSubmission -->
