<?xml version="1.0" encoding="UTF-8"?>
<!-- Generated by org.testng.reporters.JUnitReportReporter -->
<testsuite hostname="KANINI-LTP-786" failures="0" tests="2" name="com.orangeHr.qa.testcases.AdminTestCase" time="26.355" errors="0" timestamp="2025-04-03T20:38:29 IST" skipped="0">
  <testcase classname="com.orangeHr.qa.testcases.AdminTestCase" name="saveAdminWithValidData" time="15.183"/>
  <testcase classname="com.orangeHr.qa.testcases.AdminTestCase" name="searchUserName" time="11.172"/>
</testsuite> <!-- com.orangeHr.qa.testcases.AdminTestCase -->
