<?xml version="1.0" encoding="UTF-8"?>
<!-- Generated by org.testng.reporters.JUnitReportReporter -->
<testsuite hostname="KANINI-LTP-786" failures="0" tests="1" name="com.orangeHr.qa.testcases.AdminTestCase" time="39.400" errors="0" timestamp="2025-04-24T20:10:21 IST" skipped="0">
  <testcase classname="com.orangeHr.qa.testcases.AdminTestCase" name="verifyAddUserFunctionalityUsingJsonAndPageObjects" time="39.400"/>
</testsuite> <!-- com.orangeHr.qa.testcases.AdminTestCase -->
