<?xml version="1.0" encoding="UTF-8"?>
<!-- Generated by org.testng.reporters.JUnitReportReporter -->
<testsuite hostname="KANINI-LTP-786" failures="0" tests="1" name="oopsConcepts.exceptionHandling.MyThrowsException" time="0.014" errors="0" timestamp="2025-03-10T21:35:56 IST" skipped="0">
  <testcase classname="oopsConcepts.exceptionHandling.MyThrowsException" name="testCase" time="0.014"/>
  <system-out/>
</testsuite> <!-- oopsConcepts.exceptionHandling.MyThrowsException -->
