<?xml version="1.0" encoding="UTF-8"?>
<!-- Generated by org.testng.reporters.JUnitReportReporter -->
<testsuite hostname="KANINI-LTP-786" failures="0" tests="1" name="oopsConcepts.myInterface.multipleInheritance.TestClassForMIinterface" time="0.020" errors="0" timestamp="2025-03-23T11:59:29 IST" skipped="0">
  <testcase classname="oopsConcepts.myInterface.multipleInheritance.TestClassForMIinterface" name="testcase" time="0.020"/>
  <system-out/>
</testsuite> <!-- oopsConcepts.myInterface.multipleInheritance.TestClassForMIinterface -->
