<?xml version="1.0" encoding="UTF-8"?>
<!-- Generated by org.testng.reporters.JUnitReportReporter -->
<testsuite hostname="KANINI-LTP-786" failures="0" tests="3" name="oopsConcepts.encapsulation.TestCaseForUserCreationUsingEncapsulation" time="0.013" errors="0" timestamp="2025-03-15T11:32:12 IST" skipped="0">
  <testcase classname="oopsConcepts.encapsulation.TestCaseForUserCreationUsingEncapsulation" name="createUserWithCharOnly" time="0.002"/>
  <system-out/>
  <testcase classname="oopsConcepts.encapsulation.TestCaseForUserCreationUsingEncapsulation" name="TestCase1" time="0.010"/>
  <system-out/>
  <testcase classname="oopsConcepts.encapsulation.TestCaseForUserCreationUsingEncapsulation" name="TestCaseForTheNewFieldsIncluded" time="0.001"/>
  <system-out/>
</testsuite> <!-- oopsConcepts.encapsulation.TestCaseForUserCreationUsingEncapsulation -->
