<?xml version="1.0" encoding="UTF-8"?>
<!-- Generated by org.testng.reporters.JUnitReportReporter -->
<testsuite hostname="KANINI-LTP-786" failures="0" tests="1" name="oopsConcepts.myInterface.task.TestClassForTaskInterface" time="0.022" errors="0" timestamp="2025-03-23T11:41:43 IST" skipped="0">
  <testcase classname="oopsConcepts.myInterface.task.TestClassForTaskInterface" name="testcase" time="0.022"/>
  <system-out/>
</testsuite> <!-- oopsConcepts.myInterface.task.TestClassForTaskInterface -->
