<?xml version="1.0" encoding="UTF-8"?>
<!-- Generated by org.testng.reporters.JUnitReportReporter -->
<testsuite hostname="KANINI-LTP-786" failures="0" tests="1" name="oopsConcepts.exceptionHandling.ThrowsExcercise" time="0.011" errors="0" timestamp="2025-03-13T20:45:05 IST" skipped="0">
  <testcase classname="oopsConcepts.exceptionHandling.ThrowsExcercise" name="testcase" time="0.011"/>
  <system-out/>
</testsuite> <!-- oopsConcepts.exceptionHandling.ThrowsExcercise -->
