<?xml version="1.0" encoding="UTF-8"?>
<!-- Generated by org.testng.reporters.JUnitReportReporter -->
<testsuite hostname="KANINI-LTP-786" failures="0" tests="4" name="MyTestNG.ParallelClassB" time="12.026" errors="0" timestamp="2025-03-29T11:49:29 IST" skipped="0">
  <testcase classname="MyTestNG.ParallelClassB" name="myTest1" time="3.006"/>
  <system-out/>
  <testcase classname="MyTestNG.ParallelClassB" name="myTest3" time="3.007"/>
  <system-out/>
  <testcase classname="MyTestNG.ParallelClassB" name="myTest2" time="3.007"/>
  <system-out/>
  <testcase classname="MyTestNG.ParallelClassB" name="myTest4" time="3.006"/>
  <system-out/>
</testsuite> <!-- MyTestNG.ParallelClassB -->
