<?xml version="1.0" encoding="UTF-8"?>
<!-- Generated by org.testng.reporters.JUnitReportReporter -->
<testsuite hostname="KANINI-LTP-786" failures="0" tests="1" name="selectDropdown.SelectTheVisibleText" time="10.663" errors="0" timestamp="2025-03-08T11:10:35 IST" skipped="0">
  <testcase classname="selectDropdown.SelectTheVisibleText" name="method" time="10.663"/>
  <system-out/>
</testsuite> <!-- selectDropdown.SelectTheVisibleText -->
