<?xml version="1.0" encoding="UTF-8"?>
<!-- Generated by org.testng.reporters.JUnitReportReporter -->
<testsuite hostname="KANINI-LTP-786" failures="0" tests="1" name="fileUpload.UploadingFile" time="12.884" errors="0" timestamp="2025-04-01T20:21:33 IST" skipped="0">
  <testcase classname="fileUpload.UploadingFile" name="testCase" time="12.884"/>
  <system-out/>
</testsuite> <!-- fileUpload.UploadingFile -->
