<?xml version="1.0" encoding="UTF-8"?>
<!-- Generated by org.testng.reporters.JUnitReportReporter -->
<testsuite hostname="KANINI-LTP-786" failures="0" tests="1" name="selectDropdown.SelectDropdown" time="9.332" errors="0" timestamp="2025-03-08T10:55:34 IST" skipped="0">
  <testcase classname="selectDropdown.SelectDropdown" name="method" time="9.332"/>
  <system-out/>
</testsuite> <!-- selectDropdown.SelectDropdown -->
