<?xml version="1.0" encoding="UTF-8"?>
<!-- Generated by org.testng.reporters.JUnitReportReporter -->
<testsuite hostname="KANINI-LTP-786" failures="0" tests="1" name="alertBox.AlertWithOkAndCancelButton" time="22.806" errors="0" timestamp="2025-03-14T17:38:25 IST" skipped="0">
  <testcase classname="alertBox.AlertWithOkAndCancelButton" name="method" time="22.806"/>
  <system-out/>
</testsuite> <!-- alertBox.AlertWithOkAndCancelButton -->
