<?xml version="1.0" encoding="UTF-8"?>
<!-- Generated by org.testng.reporters.JUnitReportReporter -->
<testsuite hostname="KANINI-LTP-786" failures="0" tests="1" name="seleniumBasics.TextValidation" time="20.524" errors="0" timestamp="2025-03-08T10:22:14 IST" skipped="0">
  <testcase classname="seleniumBasics.TextValidation" name="method" time="20.524"/>
  <system-out/>
</testsuite> <!-- seleniumBasics.TextValidation -->
