<?xml version="1.0" encoding="UTF-8"?>
<!-- Generated by org.testng.reporters.JUnitReportReporter -->
<testsuite hostname="KANINI-LTP-786" failures="0" tests="1" name="webTable.MyWebTable" time="5.603" errors="0" timestamp="2025-03-24T22:01:02 IST" skipped="0">
  <testcase classname="webTable.MyWebTable" name="method" time="5.603"/>
  <system-out/>
</testsuite> <!-- webTable.MyWebTable -->
