<?xml version="1.0" encoding="UTF-8"?>
<!-- Generated by org.testng.reporters.JUnitReportReporter -->
<testsuite hostname="KANINI-LTP-786" failures="0" tests="1" name="seleniumBasics.Task" time="20.755" errors="0" timestamp="2025-03-16T09:46:36 IST" skipped="0">
  <testcase classname="seleniumBasics.Task" name="testCase1" time="20.755"/>
  <system-out/>
</testsuite> <!-- seleniumBasics.Task -->
