<?xml version="1.0" encoding="UTF-8"?>
<!-- Generated by org.testng.reporters.JUnitReportReporter -->
<testsuite hostname="KANINI-LTP-786" failures="0" tests="1" name="selectDropdown.SelectTheValue" time="32.395" errors="0" timestamp="2025-03-08T11:13:53 IST" skipped="0">
  <testcase classname="selectDropdown.SelectTheValue" name="method" time="32.395"/>
  <system-out/>
</testsuite> <!-- selectDropdown.SelectTheValue -->
