<?xml version="1.0" encoding="UTF-8"?>
<!-- Generated by org.testng.reporters.JUnitReportReporter -->
<testsuite hostname="KANINI-LTP-786" failures="0" tests="1" name="selectDropdown.SelectByIndex" time="36.854" errors="0" timestamp="2025-03-08T11:36:27 IST" skipped="0">
  <testcase classname="selectDropdown.SelectByIndex" name="method" time="36.854"/>
  <system-out/>
</testsuite> <!-- selectDropdown.SelectByIndex -->
