<?xml version="1.0" encoding="UTF-8"?>
<!-- Generated by org.testng.reporters.JUnitReportReporter -->
<testsuite hostname="KANINI-LTP-786" failures="0" tests="1" name="actions.MyActionExample2" time="7.213" errors="0" timestamp="2025-03-22T10:53:25 IST" skipped="0">
  <testcase classname="actions.MyActionExample2" name="testCase" time="7.213"/>
  <system-out/>
</testsuite> <!-- actions.MyActionExample2 -->
