<?xml version="1.0" encoding="UTF-8"?>
<!-- Generated by org.testng.reporters.JUnitReportReporter -->
<testsuite hostname="KANINI-LTP-786" failures="0" tests="1" name="screenshot.MyScreenShot" time="4.728" errors="0" timestamp="2025-03-22T12:24:07 IST" skipped="0">
  <testcase classname="screenshot.MyScreenShot" name="testCase" time="4.728"/>
  <system-out/>
</testsuite> <!-- screenshot.MyScreenShot -->
