<?xml version="1.0" encoding="UTF-8"?>
<!-- Generated by org.testng.reporters.JUnitReportReporter -->
<testsuite hostname="KANINI-LTP-786" failures="0" tests="1" name="webTable.MyWebTableUsingRowAndColumnUtils" time="26.428" errors="0" timestamp="2025-03-24T23:19:25 IST" skipped="0">
  <testcase classname="webTable.MyWebTableUsingRowAndColumnUtils" name="method" time="26.428"/>
  <system-out/>
</testsuite> <!-- webTable.MyWebTableUsingRowAndColumnUtils -->
