<?xml version="1.0" encoding="UTF-8"?>
<!-- Generated by org.testng.reporters.JUnitReportReporter -->
<testsuite hostname="KANINI-LTP-786" failures="0" tests="1" name="actions.DragAndDrop" time="16.567" errors="0" timestamp="2025-03-22T10:28:14 IST" skipped="0">
  <testcase classname="actions.DragAndDrop" name="testCase" time="16.567"/>
  <system-out/>
</testsuite> <!-- actions.DragAndDrop -->
