<?xml version="1.0" encoding="UTF-8"?>
<!-- Generated by org.testng.reporters.JUnitReportReporter -->
<testsuite hostname="KANINI-LTP-786" failures="0" tests="5" name="MyTestNG.ParallelClassA" time="15.069" errors="0" timestamp="2025-03-29T11:49:29 IST" skipped="0">
  <testcase classname="MyTestNG.ParallelClassA" name="myTest4" time="3.010"/>
  <system-out/>
  <testcase classname="MyTestNG.ParallelClassA" name="myTest5" time="3.006"/>
  <system-out/>
  <testcase classname="MyTestNG.ParallelClassA" name="myTest1" time="3.020"/>
  <system-out/>
  <testcase classname="MyTestNG.ParallelClassA" name="myTest3" time="3.019"/>
  <system-out/>
  <testcase classname="MyTestNG.ParallelClassA" name="myTest2" time="3.014"/>
  <system-out/>
</testsuite> <!-- MyTestNG.ParallelClassA -->
