<?xml version="1.0" encoding="UTF-8"?>
<!-- Generated by org.testng.reporters.JUnitReportReporter -->
<testsuite hostname="KANINI-LTP-786" failures="0" tests="1" name="seleniumBasics.MyTestingSeleniumEdge" time="23.852" errors="0" timestamp="2025-03-03T22:37:58 IST" skipped="0">
  <testcase classname="seleniumBasics.MyTestingSeleniumEdge" name="method" time="23.852"/>
  <system-out/>
</testsuite> <!-- seleniumBasics.MyTestingSeleniumEdge -->
