<?xml version="1.0" encoding="UTF-8"?>
<!-- Generated by org.testng.reporters.JUnitReportReporter -->
<testsuite hostname="KANINI-LTP-786" failures="0" tests="1" name="wait.MyImplicitWait" time="8.233" errors="0" timestamp="2025-03-17T21:14:43 IST" skipped="0">
  <testcase classname="wait.MyImplicitWait" name="testCase" time="8.233"/>
  <system-out/>
</testsuite> <!-- wait.MyImplicitWait -->
