<?xml version="1.0" encoding="UTF-8"?>
<!-- Generated by org.testng.reporters.JUnitReportReporter -->
<testsuite hostname="KANINI-LTP-786" failures="0" tests="1" name="seleniumBasics.MultipleTabsHandling" time="21.211" errors="0" timestamp="2025-03-16T09:49:17 IST" skipped="0">
  <testcase classname="seleniumBasics.MultipleTabsHandling" name="testCase1" time="21.211"/>
  <system-out/>
</testsuite> <!-- seleniumBasics.MultipleTabsHandling -->
