<?xml version="1.0" encoding="UTF-8"?>
<!-- Generated by org.testng.reporters.JUnitReportReporter -->
<testsuite hostname="KANINI-LTP-786" failures="0" tests="1" name="actions.MouseHover" time="15.573" errors="0" timestamp="2025-03-22T11:03:16 IST" skipped="0">
  <testcase classname="actions.MouseHover" name="testCase" time="15.573"/>
  <system-out/>
</testsuite> <!-- actions.MouseHover -->
