<?xml version="1.0" encoding="UTF-8"?>
<!-- Generated by org.testng.reporters.JUnitReportReporter -->
<testsuite hostname="KANINI-LTP-786" failures="0" tests="1" name="iFrame.MyiFrame" time="8.246" errors="0" timestamp="2025-03-21T19:17:25 IST" skipped="0">
  <testcase classname="iFrame.MyiFrame" name="testCase" time="8.246"/>
  <system-out/>
</testsuite> <!-- iFrame.MyiFrame -->
