<?xml version="1.0" encoding="UTF-8"?>
<!-- Generated by org.testng.reporters.JUnitReportReporter -->
<testsuite hostname="KANINI-LTP-786" failures="0" tests="1" name="seleniumBasics.MyTestingSelenium" time="7.633" errors="0" timestamp="2025-03-03T22:29:48 IST" skipped="0">
  <testcase classname="seleniumBasics.MyTestingSelenium" name="method" time="7.633"/>
  <system-out/>
</testsuite> <!-- seleniumBasics.MyTestingSelenium -->
