<?xml version="1.0" encoding="UTF-8"?>
<!-- Generated by org.testng.reporters.JUnitReportReporter -->
<testsuite hostname="KANINI-LTP-786" failures="0" tests="1" name="multipleWindows.MultipleTabsHandling" time="29.957" errors="0" timestamp="2025-03-16T11:28:38 IST" skipped="0">
  <testcase classname="multipleWindows.MultipleTabsHandling" name="testCase1" time="29.957"/>
  <system-out/>
</testsuite> <!-- multipleWindows.MultipleTabsHandling -->
