<?xml version="1.0" encoding="UTF-8"?>
<!-- Generated by org.testng.reporters.JUnitReportReporter -->
<testsuite hostname="KANINI-LTP-786" failures="0" tests="1" name="seleniumBasics.CheckBoxValidation" time="9.301" errors="0" timestamp="2025-03-07T22:00:29 IST" skipped="0">
  <testcase classname="seleniumBasics.CheckBoxValidation" name="method" time="9.301"/>
  <system-out/>
</testsuite> <!-- seleniumBasics.CheckBoxValidation -->
