<?xml version="1.0" encoding="UTF-8"?>
<!-- Generated by org.testng.reporters.JUnitReportReporter -->
<testsuite hostname="KANINI-LTP-786" failures="0" tests="1" name="iFrame.MultipleiFrame" time="51.285" errors="0" timestamp="2025-03-21T20:02:17 IST" skipped="0">
  <testcase classname="iFrame.MultipleiFrame" name="testCase" time="51.285"/>
  <system-out/>
</testsuite> <!-- iFrame.MultipleiFrame -->
